<?xml version="1.0" encoding="UTF-8"?>
<!-- Generated by org.testng.reporters.JUnitXMLReporter -->
<testsuite hostname="Anastasiyas-MacBook-Pro.local" ignored="0" name="All Functionalities" tests="5" failures="0" timestamp="2023-01-30T12:29:44 CST" time="158.93" errors="0">
  <testcase name="validateMainMenuItems" time="3.598" classname="scripts.MainMenuTest"/>
  <testcase name="validateBookTravelMenu" time="2.619" classname="scripts.MainMenuTest"/>
  <testcase name="validateRadioButtons" time="5.043" classname="scripts.MainMenuTest"/>
  <testcase name="validateCheckboxes" time="7.263" classname="scripts.MainMenuTest"/>
  <testcase name="validateTicketSearch" time="20.881" classname="scripts.MainMenuTest"/>
</testsuite> <!-- All Functionalities -->
